<?xml version="1.0" encoding="UTF-8"?>
<!-- Generated by org.testng.reporters.JUnitReportReporter -->
<testsuite skipped="0" hostname="vk-PC" name="reports.Reports" tests="3" failures="0" timestamp="2022-06-08T15:50:24 IST" time="210.438" errors="0">
  <testcase name="launchBrowser" time="105.738" classname="reports.Reports"/>
  <system-out/>
  <testcase name="login" time="1.382" classname="reports.Reports"/>
  <system-out/>
  <testcase name="createreport" time="103.318" classname="reports.Reports"/>
  <system-out/>
</testsuite> <!-- reports.Reports -->
